<?xml version="1.0" encoding="UTF-8"?>
<!-- Generated by org.testng.reporters.JUnitXMLReporter -->
<testsuite hostname="Whizdom-Trainings" ignored="0" name="LoginTest" tests="2" failures="1" timestamp="2021-01-14T21:49:45 IST" time="18.555" errors="0">
  <testcase name="loginTest" time="10.39" classname="com.qtpselenium.hybrid.SuiteA.LoginTest">
    <failure type="java.lang.reflect.InvocationTargetException">
      <![CDATA[java.lang.reflect.InvocationTargetException
at com.qtpselenium.hybrid.driver.DriverScript.executeTest(DriverScript.java:32)
at com.qtpselenium.hybrid.SuiteA.LoginTest.loginTest(LoginTest.java:22)
at java.util.ArrayList.forEach(ArrayList.java:1259)
Caused by: java.lang.AssertionError: Expected Success but encountered Failure
at org.junit.Assert.fail(Assert.java:88)
at com.qtpselenium.hybrid.keywords.GenericKeywords.reportFailure(GenericKeywords.java:135)
at com.qtpselenium.hybrid.keywords.AppKeywords.validateLogin(AppKeywords.java:11)
... 34 more
... Removed 31 stack frames]]>
    </failure>
  </testcase> <!-- loginTest -->
  <testcase name="loginTest" time="6.098" classname="com.qtpselenium.hybrid.SuiteA.LoginTest"/>
</testsuite> <!-- LoginTest -->
